<component name="libraryTable">
  <library name="JUnit">
    <CLASSES>
      <root url="jar://$PROJECT_DIR$/JUnit/junit-jupiter-api-5.10.2.jar!/" />
      <root url="jar://$PROJECT_DIR$/JUnit/junit-jupiter-engine-5.10.2.jar!/" />
      <root url="jar://$PROJECT_DIR$/JUnit/junit-platform-console-standalone-1.10.2.jar!/" />
      <root url="jar://$PROJECT_DIR$/JUnit/junit-platform-launcher-1.10.2.jar!/" />
    </CLASSES>
    <JAVADOC />
    <SOURCES />
  </library>
</component>